\BOOKMARK [1][-]{section.1}{常用的图像处理库}{}% 1
\BOOKMARK [2][-]{subsection.1.1}{科学计算库}{section.1}% 2
\BOOKMARK [3][-]{subsubsection.1.1.1}{NumPy}{subsection.1.1}% 3
\BOOKMARK [3][-]{subsubsection.1.1.2}{SciPy}{subsection.1.1}% 4
\BOOKMARK [3][-]{subsubsection.1.1.3}{Matplotlib}{subsection.1.1}% 5
\BOOKMARK [2][-]{subsection.1.2}{图像库}{section.1}% 6
\BOOKMARK [3][-]{subsubsection.1.2.1}{scikit-image}{subsection.1.2}% 7
\BOOKMARK [3][-]{subsubsection.1.2.2}{Mahotas}{subsection.1.2}% 8
\BOOKMARK [3][-]{subsubsection.1.2.3}{Pillow}{subsection.1.2}% 9
\BOOKMARK [3][-]{subsubsection.1.2.4}{OpenCV}{subsection.1.2}% 10
\BOOKMARK [3][-]{subsubsection.1.2.5}{SimpleCV}{subsection.1.2}% 11
\BOOKMARK [3][-]{subsubsection.1.2.6}{h5py}{subsection.1.2}% 12
\BOOKMARK [1][-]{section.2}{前景背景分离技术}{}% 13
\BOOKMARK [2][-]{subsection.2.1}{术语}{section.2}% 14
\BOOKMARK [3][-]{subsubsection.2.1.1}{color\040space}{subsection.2.1}% 15
\BOOKMARK [3][-]{subsubsection.2.1.2}{alpha\040matte}{subsection.2.1}% 16
\BOOKMARK [3][-]{subsubsection.2.1.3}{trimap}{subsection.2.1}% 17
\BOOKMARK [3][-]{subsubsection.2.1.4}{scribble}{subsection.2.1}% 18
\BOOKMARK [2][-]{subsection.2.2}{算法}{section.2}% 19
\BOOKMARK [3][-]{subsubsection.2.2.1}{取样法}{subsection.2.2}% 20
\BOOKMARK [3][-]{subsubsection.2.2.2}{传播法}{subsection.2.2}% 21
\BOOKMARK [3][-]{subsubsection.2.2.3}{机器学习}{subsection.2.2}% 22
\BOOKMARK [2][-]{subsection.2.3}{辅助方法}{section.2}% 23
\BOOKMARK [3][-]{subsubsection.2.3.1}{红外线}{subsection.2.3}% 24
\BOOKMARK [3][-]{subsubsection.2.3.2}{闪光}{subsection.2.3}% 25
\BOOKMARK [2][-]{subsection.2.4}{影像前景背景分离技术}{section.2}% 26
\BOOKMARK [3][-]{subsubsection.2.4.1}{算法}{subsection.2.4}% 27
\BOOKMARK [1][-]{section.3}{前景背景分离实践}{}% 28
\BOOKMARK [2][-]{subsection.3.1}{GrabCut}{section.3}% 29
\BOOKMARK [2][-]{subsection.3.2}{PyMatting}{section.3}% 30
\BOOKMARK [3][-]{subsubsection.3.2.1}{Trimap的处理}{subsection.3.2}% 31
\BOOKMARK [3][-]{subsubsection.3.2.2}{背景提取}{subsection.3.2}% 32
\BOOKMARK [2][-]{subsection.3.3}{Close-Form\040Matting}{section.3}% 33
\BOOKMARK [2][-]{subsection.3.4}{性能比较}{section.3}% 34
\BOOKMARK [3][-]{subsubsection.3.4.1}{处理时间}{subsection.3.4}% 35
\BOOKMARK [3][-]{subsubsection.3.4.2}{SSIM}{subsection.3.4}% 36
\BOOKMARK [2][-]{subsection.3.5}{小结}{section.3}% 37
\BOOKMARK [3][-]{subsubsection.3.5.1}{PyMatting}{subsection.3.5}% 38
\BOOKMARK [3][-]{subsubsection.3.5.2}{GrabCut}{subsection.3.5}% 39
\BOOKMARK [3][-]{subsubsection.3.5.3}{Close-Form\040Matting}{subsection.3.5}% 40
\BOOKMARK [1][-]{section.4}{结语}{}% 41
